<?xml version="1.0" encoding="UTF-8"?>
<testng-results ignored="0" total="1" passed="1" failed="0" skipped="0">
  <reporter-output>
  </reporter-output>
  <suite started-at="2022-11-03T18:35:33 IST" name="Default suite" finished-at="2022-11-03T18:35:48 IST" duration-ms="14127">
    <groups>
    </groups>
    <test started-at="2022-11-03T18:35:33 IST" name="Default test" finished-at="2022-11-03T18:35:48 IST" duration-ms="14127">
      <class name="Authentication.BearerToken">
        <test-method signature="bearerToken()[pri:0, instance:Authentication.BearerToken@55536d9e]" started-at="2022-11-03T18:35:34 IST" name="bearerToken" finished-at="2022-11-03T18:35:48 IST" duration-ms="13957" status="PASS">
          <reporter-output>
          </reporter-output>
        </test-method> <!-- bearerToken -->
      </class> <!-- Authentication.BearerToken -->
    </test> <!-- Default test -->
  </suite> <!-- Default suite -->
</testng-results>
